    [observer]	CREATE TABLE events (
    [observer]	  id text NOT NULL,
    [observer]	  available_seats integer NOT NULL CHECK (available_seats >= 0),
    [observer]	  PRIMARY KEY (id)
    [observer]	);	(2.4ms)
    [observer]	CREATE TABLE bookings (
    [observer]	  id integer PRIMARY KEY,
    [observer]	  customer_name text NOT NULL,
    [observer]	  seat_count integer NOT NULL,
    [observer]	  event_id text NOT NULL,
    [observer]	  FOREIGN KEY (event_id) REFERENCES events (id)
    [observer]	);	(2.1ms)
    [observer]	BEGIN ISOLATION LEVEL READ COMMITTED	(0.7ms)
    [observer]	INSERT INTO "events" ("id", "available_seats") VALUES ('event_a', 2) RETURNING "id"	(0.9ms)
    [observer]	INSERT INTO "bookings" ("id", "customer_name", "seat_count", "event_id") VALUES (1, 'Alice', 1, 'event_a') RETURNING "id"	(0.9ms)
    [observer]	INSERT INTO "bookings" ("id", "customer_name", "seat_count", "event_id") VALUES (2, 'Bob', 1, 'event_a') RETURNING "id"	(0.5ms)
    [observer]	COMMIT	(0.6ms)
         [bob]		BEGIN ISOLATION LEVEL SERIALIZABLE	(0.5ms)
         [bob]		SELECT SUM("bookings"."seat_count") FROM "bookings" WHERE "bookings"."customer_name" IN ('Alice', 'Bob') AND "bookings"."event_id" = 'event_a'	(0.7ms)
         [bob]		=> 2
         [bob]		UPDATE "bookings" SET "seat_count" = 2 WHERE "bookings"."customer_name" = 'Bob' AND "bookings"."event_id" = 'event_a'	(0.4ms)
       [alice]			BEGIN ISOLATION LEVEL SERIALIZABLE	(3.3ms)
       [alice]			UPDATE "bookings" SET "seat_count" = 2 WHERE "bookings"."id" = 1	(5.1ms)
       [alice]			COMMIT	(3.4ms)
    [observer]	BEGIN ISOLATION LEVEL SERIALIZABLE READ ONLY DEFERRABLE;	(1.6ms)
         [bob]		COMMIT	(4.7ms)
    [observer]	SELECT "bookings"."customer_name", "bookings"."seat_count" FROM "bookings" WHERE "bookings"."customer_name" IN ('Alice', 'Bob')	(2116.2ms)
    [observer]	=> [["Bob", 2], ["Alice", 2]]
    [observer]	COMMIT;	(1.4ms)
    [observer]	SELECT "bookings"."customer_name", "bookings"."seat_count" FROM "bookings" WHERE "bookings"."customer_name" IN ('Alice', 'Bob')	(2.3ms)
    [observer]	=> [["Bob", 2], ["Alice", 2]]
    [observer]	DROP TABLE IF EXISTS bookings;	(8.3ms)
    [observer]	DROP TABLE IF EXISTS events;	(6.4ms)
