    [observer]	CREATE TABLE events (
    [observer]	  id text NOT NULL,
    [observer]	  available_seats integer NOT NULL,
    [observer]	  PRIMARY KEY (id)
    [observer]	);	(2.2ms)
    [observer]	CREATE TABLE bookings (
    [observer]	  id uuid DEFAULT gen_random_uuid() NOT NULL,
    [observer]	  customer_name text NOT NULL,
    [observer]	  seat_count integer NOT NULL,
    [observer]	  event_id text NOT NULL,
    [observer]	  FOREIGN KEY (event_id) REFERENCES events (id),
    [observer]	  PRIMARY KEY (id)
    [observer]	);	(2.7ms)
    [observer]	BEGIN	(0.3ms)
    [observer]	INSERT INTO "events" ("id", "available_seats") VALUES ('event_a', 2) RETURNING "id"	(1.0ms)
    [observer]	COMMIT	(0.5ms)
    [observer]	SELECT "events"."available_seats" FROM "events" WHERE "events"."id" = 'event_a'	(0.7ms)
    [observer]	=> 2
         [bob]		BEGIN ISOLATION LEVEL READ COMMITTED	(0.6ms)
         [bob]		INSERT INTO "bookings" ("customer_name", "seat_count", "event_id") VALUES ('Bob', 1, 'event_a') RETURNING "id"	(1.2ms)
       [alice]			BEGIN ISOLATION LEVEL READ COMMITTED	(0.6ms)
       [alice]			UPDATE "events" SET "available_seats" = COALESCE("available_seats", 0) - 1 WHERE "events"."id" = 'event_a'	(1.0ms)
       [alice]			INSERT INTO "bookings" ("customer_name", "seat_count", "event_id") VALUES ('Alice', 1, 'event_a') RETURNING "id"	(0.8ms)
       [alice]			COMMIT	(0.6ms)
         [bob]		UPDATE "events" SET "available_seats" = COALESCE("available_seats", 0) - 1 WHERE "events"."id" = 'event_a'	(0.5ms)
         [bob]		COMMIT	(0.5ms)
    [observer]	SELECT "events"."available_seats" FROM "events" WHERE "events"."id" = 'event_a'	(4.0ms)
    [observer]	=> 0
    [observer]	SELECT SUM("bookings"."seat_count") FROM "bookings"	(1.5ms)
    [observer]	=> 2
    [observer]	DROP TABLE IF EXISTS bookings;	(9.7ms)
    [observer]	DROP TABLE IF EXISTS events;	(4.2ms)
