    [observer]	CREATE TABLE events (
    [observer]	  id text NOT NULL,
    [observer]	  available_seats integer NOT NULL CHECK (available_seats >= 0),
    [observer]	  PRIMARY KEY (id)
    [observer]	);	(6.2ms)
    [observer]	CREATE TABLE bookings (
    [observer]	  id uuid DEFAULT gen_random_uuid() NOT NULL,
    [observer]	  customer_name text NOT NULL,
    [observer]	  seat_count integer NOT NULL,
    [observer]	  event_id text NOT NULL,
    [observer]	  FOREIGN KEY (event_id) REFERENCES events (id),
    [observer]	  PRIMARY KEY (id)
    [observer]	);	(3.6ms)
    [observer]	BEGIN	(0.7ms)
    [observer]	INSERT INTO "events" ("id", "available_seats") VALUES ('event_a', 3) RETURNING "id"	(1.6ms)
    [observer]	COMMIT	(0.7ms)
    [observer]	BEGIN	(0.5ms)
    [observer]	INSERT INTO "bookings" ("customer_name", "seat_count", "event_id") VALUES ('Alice', 1, 'event_a') RETURNING "id"	(1.4ms)
    [observer]	COMMIT	(1.0ms)
    [observer]	BEGIN	(0.5ms)
    [observer]	INSERT INTO "bookings" ("customer_name", "seat_count", "event_id") VALUES ('Bob', 2, 'event_a') RETURNING "id"	(1.2ms)
    [observer]	COMMIT	(0.6ms)
         [bob]		BEGIN ISOLATION LEVEL READ COMMITTED	(0.6ms)
         [bob]		SELECT "bookings"."seat_count" FROM "bookings" WHERE "bookings"."customer_name" = 'Alice'	(0.7ms)
         [bob]		=> [1]
       [alice]			BEGIN ISOLATION LEVEL READ COMMITTED	(0.8ms)
       [alice]			UPDATE "bookings" SET "seat_count" = 2 WHERE "bookings"."customer_name" = 'Alice'	(0.8ms)
       [alice]			UPDATE "bookings" SET "seat_count" = 1 WHERE "bookings"."customer_name" = 'Bob'	(0.7ms)
       [alice]			COMMIT	(1.3ms)
         [bob]		SELECT "bookings"."seat_count" FROM "bookings" WHERE "bookings"."customer_name" = 'Bob'	(0.6ms)
         [bob]		=> [1]
         [bob]		=> 2
         [bob]		COMMIT	(0.5ms)
    [observer]	SELECT SUM("bookings"."seat_count") FROM "bookings"	(1.7ms)
    [observer]	=> 3
    [observer]	DROP TABLE IF EXISTS bookings;	(8.1ms)
    [observer]	DROP TABLE IF EXISTS events;	(4.7ms)
